Using pre-set license
Built from '2021.3/release' branch; Version is '2021.3.17f1 (3e8111cac19d) revision 4096273'; Using compiler version '192829333'; Build Type 'Release'
OS: 'Windows 11  (10.0.22621) 64bit Core' Language: 'ru' Physical Memory: 16265 MB
BatchMode: 1, IsHumanControllingUs: 0, StartBugReporterOnCrash: 0, Is64bit: 1, IsPro: 1

COMMAND LINE ARGUMENTS:
C:\Program Files\Unity\Hub\Editor\2021.3.17f1\Editor\Unity.exe
-adb2
-batchMode
-noUpm
-name
AssetImportWorker0
-projectPath
C:/Users/Doctor/OneDrive/Desktop/Assets/SceneEnvironment
-logFile
Logs/AssetImportWorker0.log
-srvPort
63677
Successfully changed project path to: C:/Users/Doctor/OneDrive/Desktop/Assets/SceneEnvironment
C:/Users/Doctor/OneDrive/Desktop/Assets/SceneEnvironment
[UnityMemory] Configuration Parameters - Can be set up in boot.config
    "memorysetup-bucket-allocator-granularity=16"
    "memorysetup-bucket-allocator-bucket-count=8"
    "memorysetup-bucket-allocator-block-size=33554432"
    "memorysetup-bucket-allocator-block-count=8"
    "memorysetup-main-allocator-block-size=16777216"
    "memorysetup-thread-allocator-block-size=16777216"
    "memorysetup-gfx-main-allocator-block-size=16777216"
    "memorysetup-gfx-thread-allocator-block-size=16777216"
    "memorysetup-cache-allocator-block-size=4194304"
    "memorysetup-typetree-allocator-block-size=2097152"
    "memorysetup-profiler-bucket-allocator-granularity=16"
    "memorysetup-profiler-bucket-allocator-bucket-count=8"
    "memorysetup-profiler-bucket-allocator-block-size=33554432"
    "memorysetup-profiler-bucket-allocator-block-count=8"
    "memorysetup-profiler-allocator-block-size=16777216"
    "memorysetup-profiler-editor-allocator-block-size=1048576"
    "memorysetup-temp-allocator-size-main=16777216"
    "memorysetup-job-temp-allocator-block-size=2097152"
    "memorysetup-job-temp-allocator-block-size-background=1048576"
    "memorysetup-job-temp-allocator-reduction-small-platforms=262144"
    "memorysetup-temp-allocator-size-background-worker=32768"
    "memorysetup-temp-allocator-size-job-worker=262144"
    "memorysetup-temp-allocator-size-preload-manager=33554432"
    "memorysetup-temp-allocator-size-nav-mesh-worker=65536"
    "memorysetup-temp-allocator-size-audio-worker=65536"
    "memorysetup-temp-allocator-size-cloud-worker=32768"
    "memorysetup-temp-allocator-size-gi-baking-worker=262144"
    "memorysetup-temp-allocator-size-gfx=262144"
Player connection [6220] Host "[IP] 192.168.1.229 [Port] 0 [Flags] 2 [Guid] 2326710091 [EditorId] 2326710091 [Version] 1048832 [Id] WindowsEditor(7,ELAY) [Debug] 1 [PackageName] WindowsEditor [ProjectName] Editor" joined multi-casting on [225.0.0.222:54997]...

Player connection [6220] Host "[IP] 192.168.1.229 [Port] 0 [Flags] 2 [Guid] 2326710091 [EditorId] 2326710091 [Version] 1048832 [Id] WindowsEditor(7,ELAY) [Debug] 1 [PackageName] WindowsEditor [ProjectName] Editor" joined alternative multi-casting on [225.0.0.222:34997]...

Refreshing native plugins compatible for Editor in 76.64 ms, found 3 plugins.
Preloading 0 native plugins for Editor in 0.00 ms.
Initialize engine version: 2021.3.17f1 (3e8111cac19d)
[Subsystems] Discovering subsystems at path C:/Program Files/Unity/Hub/Editor/2021.3.17f1/Editor/Data/Resources/UnitySubsystems
[Subsystems] Discovering subsystems at path C:/Users/Doctor/OneDrive/Desktop/Assets/SceneEnvironment/Assets
GfxDevice: creating device client; threaded=0; jobified=0
Direct3D:
    Version:  Direct3D 11.0 [level 11.1]
    Renderer: NVIDIA GeForce RTX 3060 (ID=0x2487)
    Vendor:   NVIDIA
    VRAM:     12124 MB
    Driver:   31.0.15.3179
Initialize mono
Mono path[0] = 'C:/Program Files/Unity/Hub/Editor/2021.3.17f1/Editor/Data/Managed'
Mono path[1] = 'C:/Program Files/Unity/Hub/Editor/2021.3.17f1/Editor/Data/MonoBleedingEdge/lib/mono/unityjit-win32'
Mono config path = 'C:/Program Files/Unity/Hub/Editor/2021.3.17f1/Editor/Data/MonoBleedingEdge/etc'
Using monoOptions --debugger-agent=transport=dt_socket,embedding=1,server=y,suspend=n,address=127.0.0.1:56104
Begin MonoManager ReloadAssembly
Registering precompiled unity dll's ...
Register platform support module: C:/Program Files/Unity/Hub/Editor/2021.3.17f1/Editor/Data/PlaybackEngines/WebGLSupport/UnityEditor.WebGL.Extensions.dll
Register platform support module: C:/Program Files/Unity/Hub/Editor/2021.3.17f1/Editor/Data/PlaybackEngines/AndroidPlayer/UnityEditor.Android.Extensions.dll
Register platform support module: C:/Program Files/Unity/Hub/Editor/2021.3.17f1/Editor/Data/PlaybackEngines/WindowsStandaloneSupport/UnityEditor.WindowsStandalone.Extensions.dll
Registered in 0.003703 seconds.
Native extension for WindowsStandalone target not found
Native extension for Android target not found
Android Extension - Scanning For ADB Devices 167 ms
Native extension for WebGL target not found
Refreshing native plugins compatible for Editor in 80.68 ms, found 3 plugins.
Preloading 0 native plugins for Editor in 0.00 ms.
Mono: successfully reloaded assembly
- Completed reload, in  0.702 seconds
Domain Reload Profiling:
	ReloadAssembly (703ms)
		BeginReloadAssembly (55ms)
			ExecutionOrderSort (0ms)
			DisableScriptedObjects (0ms)
			BackupInstance (0ms)
			ReleaseScriptingObjects (0ms)
			CreateAndSetChildDomain (1ms)
		EndReloadAssembly (563ms)
			LoadAssemblies (55ms)
			RebuildTransferFunctionScriptingTraits (0ms)
			SetupTypeCache (96ms)
			ReleaseScriptCaches (0ms)
			RebuildScriptCaches (22ms)
			SetupLoadedEditorAssemblies (406ms)
				LogAssemblyErrors (0ms)
				InitializePlatformSupportModulesInManaged (218ms)
				SetLoadedEditorAssemblies (0ms)
				RefreshPlugins (81ms)
				BeforeProcessingInitializeOnLoad (1ms)
				ProcessInitializeOnLoadAttributes (70ms)
				ProcessInitializeOnLoadMethodAttributes (37ms)
				AfterProcessingInitializeOnLoad (0ms)
				EditorAssembliesLoaded (0ms)
			ExecutionOrderSort2 (0ms)
			AwakeInstancesAfterBackupRestoration (0ms)
Platform modules already initialized, skipping
Registering precompiled user dll's ...
Registered in 0.003905 seconds.
Begin MonoManager ReloadAssembly
Native extension for WindowsStandalone target not found
Native extension for Android target not found
Native extension for WebGL target not found
Refreshing native plugins compatible for Editor in 89.25 ms, found 3 plugins.
Preloading 0 native plugins for Editor in 0.00 ms.
Mono: successfully reloaded assembly
- Completed reload, in  0.971 seconds
Domain Reload Profiling:
	ReloadAssembly (972ms)
		BeginReloadAssembly (79ms)
			ExecutionOrderSort (0ms)
			DisableScriptedObjects (4ms)
			BackupInstance (0ms)
			ReleaseScriptingObjects (0ms)
			CreateAndSetChildDomain (16ms)
		EndReloadAssembly (809ms)
			LoadAssemblies (54ms)
			RebuildTransferFunctionScriptingTraits (0ms)
			SetupTypeCache (183ms)
			ReleaseScriptCaches (1ms)
			RebuildScriptCaches (46ms)
			SetupLoadedEditorAssemblies (479ms)
				LogAssemblyErrors (0ms)
				InitializePlatformSupportModulesInManaged (15ms)
				SetLoadedEditorAssemblies (0ms)
				RefreshPlugins (89ms)
				BeforeProcessingInitializeOnLoad (86ms)
				ProcessInitializeOnLoadAttributes (218ms)
				ProcessInitializeOnLoadMethodAttributes (66ms)
				AfterProcessingInitializeOnLoad (4ms)
				EditorAssembliesLoaded (0ms)
			ExecutionOrderSort2 (0ms)
			AwakeInstancesAfterBackupRestoration (5ms)
Platform modules already initialized, skipping
========================================================================
Worker process is ready to serve import requests
Launched and connected shader compiler UnityShaderCompiler.exe after 0.03 seconds
Refreshing native plugins compatible for Editor in 0.73 ms, found 3 plugins.
Preloading 0 native plugins for Editor in 0.00 ms.
Unloading 4719 Unused Serialized files (Serialized files now loaded: 0)
Unloading 31 unused Assets / (0.7 MB). Loaded Objects now: 5177.
Memory consumption went from 188.4 MB to 187.7 MB.
Total: 4.680900 ms (FindLiveObjects: 0.391900 ms CreateObjectMapping: 0.401600 ms MarkObjects: 3.485200 ms  DeleteObjects: 0.400900 ms)

AssetImportParameters requested are different than current active one (requested -> active):
  custom:video-decoder-ogg-theora: a1e56fd34408186e4bbccfd4996cb3dc -> 
  custom:container-muxer-webm: aa71ff27fc2769a1b78a27578f13a17b -> 
  custom:container-demuxer-webm: 4f35f7cbe854078d1ac9338744f61a02 -> 
  custom:video-encoder-webm-vp8: eb34c28f22e8b96e1ab97ce403110664 -> 
  custom:video-codec-MediaFoundation-h265: 746d11721c4dcdbdad8f713fa42b33f4 -> 
  custom:audio-encoder-webm-vorbis: bf7c407c2cedff20999df2af8eb42d56 -> 
  custom:framework-win-MediaFoundation: 216162199b28c13a410421893ffa2e32 -> 
  custom:container-demuxer-ogg: 62fdf1f143b41e24485cea50d1cbac27 -> 
  custom:video-decoder-webm-vp8: 9c59270c3fd7afecdb556c50c9e8de78 -> 
  custom:audio-decoder-ogg-vorbis: bf7c407c2cedff20999df2af8eb42d56 -> 
========================================================================
Received Import Request.
  Time since last request: 511392.281182 seconds.
  path: Assets/Character
  artifactKey: Guid(095405a70e4bbf34ba3cef9577678a67) Importer(815301076,1909f56bfc062723c751e8b465ee728b)
Start importing Assets/Character using Guid(095405a70e4bbf34ba3cef9577678a67) Importer(815301076,1909f56bfc062723c751e8b465ee728b)  -> (artifact id: 'af4f6d61d6482b0151945e83b0f5c6b7') in 0.016063 seconds 
========================================================================
Received Import Request.
  Time since last request: 4.905699 seconds.
  path: Assets/Character/Material
  artifactKey: Guid(9728cb8ec5fa99441b90bfbaeab3521c) Importer(815301076,1909f56bfc062723c751e8b465ee728b)
Start importing Assets/Character/Material using Guid(9728cb8ec5fa99441b90bfbaeab3521c) Importer(815301076,1909f56bfc062723c751e8b465ee728b)  -> (artifact id: '435b406daff270b0785dff7eba7eaf26') in 0.006271 seconds 
========================================================================
Received Import Request.
  Time since last request: 32.621849 seconds.
  path: Assets/Character/Animations
  artifactKey: Guid(acc95159d37cb8b49be0ca5f0bdc7fbe) Importer(815301076,1909f56bfc062723c751e8b465ee728b)
Start importing Assets/Character/Animations using Guid(acc95159d37cb8b49be0ca5f0bdc7fbe) Importer(815301076,1909f56bfc062723c751e8b465ee728b)  -> (artifact id: '28a39f0f02e4132fc5f1b3b7863f9448') in 0.006436 seconds 
========================================================================
Received Import Request.
  Time since last request: 3.297259 seconds.
  path: Assets/Character/Animator
  artifactKey: Guid(6bef64b21e5592046bb2b13e7fa806ee) Importer(815301076,1909f56bfc062723c751e8b465ee728b)
Start importing Assets/Character/Animator using Guid(6bef64b21e5592046bb2b13e7fa806ee) Importer(815301076,1909f56bfc062723c751e8b465ee728b)  -> (artifact id: '9a240ad5704963ac87c9f77c9805ae33') in 0.006446 seconds 
========================================================================
Received Import Request.
  Time since last request: 0.820187 seconds.
  path: Assets/Character/Prefab
  artifactKey: Guid(9739c933b2b55f3488427aed995de914) Importer(815301076,1909f56bfc062723c751e8b465ee728b)
Start importing Assets/Character/Prefab using Guid(9739c933b2b55f3488427aed995de914) Importer(815301076,1909f56bfc062723c751e8b465ee728b)  -> (artifact id: '757713efb1ebc3e197e96d53f39be75e') in 0.007048 seconds 
========================================================================
Received Import Request.
  Time since last request: 1.978577 seconds.
  path: Assets/Character/Prefab/DogPBR.prefab
  artifactKey: Guid(214e08cd5e5d74c458e2a81b7ec2c84c) Importer(815301076,1909f56bfc062723c751e8b465ee728b)
Start importing Assets/Character/Prefab/DogPBR.prefab using Guid(214e08cd5e5d74c458e2a81b7ec2c84c) Importer(815301076,1909f56bfc062723c751e8b465ee728b)  -> (artifact id: 'fa9f062c78a48a072e2e5f61f435490a') in 0.497531 seconds 
========================================================================
Received Import Request.
  Time since last request: 15.075469 seconds.
  path: Assets/Character/Scene
  artifactKey: Guid(169044d5b44cadd40949a7ac78a33176) Importer(815301076,1909f56bfc062723c751e8b465ee728b)
Start importing Assets/Character/Scene using Guid(169044d5b44cadd40949a7ac78a33176) Importer(815301076,1909f56bfc062723c751e8b465ee728b)  -> (artifact id: '7931a391e5f5e1b78f079cf60578a39a') in 0.007217 seconds 
========================================================================
Received Import Request.
  Time since last request: 5.610101 seconds.
  path: Assets/Character/Texture
  artifactKey: Guid(8475906f06c098743a1bb0fb3fcbe0c4) Importer(815301076,1909f56bfc062723c751e8b465ee728b)
Start importing Assets/Character/Texture using Guid(8475906f06c098743a1bb0fb3fcbe0c4) Importer(815301076,1909f56bfc062723c751e8b465ee728b)  -> (artifact id: '896891e152418fe5a72bd0ceb71887f7') in 0.006584 seconds 
========================================================================
Received Import Request.
  Time since last request: 2.132337 seconds.
  path: Assets/Character/Mesh
  artifactKey: Guid(8dd9b69606bd3bd4f84c826ce6874603) Importer(815301076,1909f56bfc062723c751e8b465ee728b)
Start importing Assets/Character/Mesh using Guid(8dd9b69606bd3bd4f84c826ce6874603) Importer(815301076,1909f56bfc062723c751e8b465ee728b)  -> (artifact id: 'e659be3775b8153d5eae0d0225c408fc') in 0.006892 seconds 
========================================================================
Received Import Request.
  Time since last request: 1.000918 seconds.
  path: Assets/Character/Mesh/DogPBR.fbx
  artifactKey: Guid(d9a1483b77bf10e4e851678ab6c2e54e) Importer(815301076,1909f56bfc062723c751e8b465ee728b)
Start importing Assets/Character/Mesh/DogPBR.fbx using Guid(d9a1483b77bf10e4e851678ab6c2e54e) Importer(815301076,1909f56bfc062723c751e8b465ee728b)  -> (artifact id: 'cd6e660a539b64722d7dc9a6c381c0b3') in 0.354002 seconds 
========================================================================
Received Import Request.
  Time since last request: 6.751380 seconds.
  path: Assets/Character/Mesh/DogPolyart.fbx
  artifactKey: Guid(a58d63122b09e9144938cd6a1ece4824) Importer(815301076,1909f56bfc062723c751e8b465ee728b)
Start importing Assets/Character/Mesh/DogPolyart.fbx using Guid(a58d63122b09e9144938cd6a1ece4824) Importer(815301076,1909f56bfc062723c751e8b465ee728b)  -> (artifact id: '7e72e2255d09ec83f8f0d3087f763dfe') in 0.022933 seconds 
========================================================================
Received Import Request.
  Time since last request: 6.931205 seconds.
  path: Assets/Character/Mesh/Stage.fbx
  artifactKey: Guid(83ccc45f4c0939440a46957a74a54d2c) Importer(815301076,1909f56bfc062723c751e8b465ee728b)
Start importing Assets/Character/Mesh/Stage.fbx using Guid(83ccc45f4c0939440a46957a74a54d2c) Importer(815301076,1909f56bfc062723c751e8b465ee728b)  -> (artifact id: '30de3e3e10f406824a8cdd287ec6b348') in 0.013872 seconds 
========================================================================
Received Import Request.
  Time since last request: 1.116610 seconds.
  path: Assets/Character/Mesh/Sword.fbx
  artifactKey: Guid(9ef625d01f79b4e4eb62fcdf032954ca) Importer(815301076,1909f56bfc062723c751e8b465ee728b)
Start importing Assets/Character/Mesh/Sword.fbx using Guid(9ef625d01f79b4e4eb62fcdf032954ca) Importer(815301076,1909f56bfc062723c751e8b465ee728b)  -> (artifact id: '85d3900e85203cd1ef9ba7bc8f36e597') in 0.015877 seconds 
========================================================================
Received Import Request.
  Time since last request: 0.530602 seconds.
  path: Assets/Character/Mesh/SwordPolyart.fbx
  artifactKey: Guid(b96201848d117da4ca7dc3ade4bd59de) Importer(815301076,1909f56bfc062723c751e8b465ee728b)
Start importing Assets/Character/Mesh/SwordPolyart.fbx using Guid(b96201848d117da4ca7dc3ade4bd59de) Importer(815301076,1909f56bfc062723c751e8b465ee728b)  -> (artifact id: 'c9d31309806af214cc53c30dd9732982') in 0.014788 seconds 
========================================================================
Received Import Request.
  Time since last request: 3.476865 seconds.
  path: Assets/Character/Mesh/ShieldPolyart.fbx
  artifactKey: Guid(b20cb9cb9197fb64a830cea6c0550d0e) Importer(815301076,1909f56bfc062723c751e8b465ee728b)
Start importing Assets/Character/Mesh/ShieldPolyart.fbx using Guid(b20cb9cb9197fb64a830cea6c0550d0e) Importer(815301076,1909f56bfc062723c751e8b465ee728b)  -> (artifact id: 'ca2ad81b84f197d5f18fd526eef24157') in 0.018668 seconds 
========================================================================
Received Import Request.
  Time since last request: 3.126728 seconds.
  path: Assets/Character/Mesh/Shield.fbx
  artifactKey: Guid(588cb1a3084bba747b81631d0c071523) Importer(815301076,1909f56bfc062723c751e8b465ee728b)
Start importing Assets/Character/Mesh/Shield.fbx using Guid(588cb1a3084bba747b81631d0c071523) Importer(815301076,1909f56bfc062723c751e8b465ee728b)  -> (artifact id: '0cb21122aff6131a08b2af43ed4f0943') in 0.015485 seconds 
========================================================================
Received Import Request.
  Time since last request: 37.661080 seconds.
  path: Assets/Character/Animations/Die.anim
  artifactKey: Guid(5d190d8211c88a64281f7b90c69f3eb3) Importer(815301076,1909f56bfc062723c751e8b465ee728b)
Start importing Assets/Character/Animations/Die.anim using Guid(5d190d8211c88a64281f7b90c69f3eb3) Importer(815301076,1909f56bfc062723c751e8b465ee728b)  -> (artifact id: '6f88ab164cf12a4a501e346187429ff2') in 0.014423 seconds 
========================================================================
Received Import Request.
  Time since last request: 0.338236 seconds.
  path: Assets/Character/Animations/DieRecover.anim
  artifactKey: Guid(4a3671dbe6670524b8b6d9ad3664c179) Importer(815301076,1909f56bfc062723c751e8b465ee728b)
Start importing Assets/Character/Animations/DieRecover.anim using Guid(4a3671dbe6670524b8b6d9ad3664c179) Importer(815301076,1909f56bfc062723c751e8b465ee728b)  -> (artifact id: '6943f7b45c4b0dd497148f431d1318c8') in 0.013514 seconds 
========================================================================
Received Import Request.
  Time since last request: 0.276598 seconds.
  path: Assets/Character/Animations/Dizzy.anim
  artifactKey: Guid(30d4fe7af77240a44b9354aaed8e5beb) Importer(815301076,1909f56bfc062723c751e8b465ee728b)
Start importing Assets/Character/Animations/Dizzy.anim using Guid(30d4fe7af77240a44b9354aaed8e5beb) Importer(815301076,1909f56bfc062723c751e8b465ee728b)  -> (artifact id: '8a612fd49d34055e03266f2dab483626') in 0.012128 seconds 
========================================================================
Received Import Request.
  Time since last request: 0.327649 seconds.
  path: Assets/Character/Animations/GetHit.anim
  artifactKey: Guid(1588532e68f51a040bda71c68cfab177) Importer(815301076,1909f56bfc062723c751e8b465ee728b)
Start importing Assets/Character/Animations/GetHit.anim using Guid(1588532e68f51a040bda71c68cfab177) Importer(815301076,1909f56bfc062723c751e8b465ee728b)  -> (artifact id: 'f6ea2ea1a4d756673e2c8061c625c1f5') in 0.013275 seconds 
========================================================================
Received Import Request.
  Time since last request: 0.318209 seconds.
  path: Assets/Character/Animations/Idle_Battle.anim
  artifactKey: Guid(b79ff7bb68348be479d3db6b7fe8a569) Importer(815301076,1909f56bfc062723c751e8b465ee728b)
Start importing Assets/Character/Animations/Idle_Battle.anim using Guid(b79ff7bb68348be479d3db6b7fe8a569) Importer(815301076,1909f56bfc062723c751e8b465ee728b)  -> (artifact id: 'c1db14e762309c778681b3dd8a545245') in 0.010746 seconds 
========================================================================
Received Import Request.
  Time since last request: 0.582673 seconds.
  path: Assets/Character/Animations/RunForwardBattle.anim
  artifactKey: Guid(9f0e03164414016409d28995a128ba98) Importer(815301076,1909f56bfc062723c751e8b465ee728b)
Start importing Assets/Character/Animations/RunForwardBattle.anim using Guid(9f0e03164414016409d28995a128ba98) Importer(815301076,1909f56bfc062723c751e8b465ee728b)  -> (artifact id: '85e072a50905523e71ef6631e2abd417') in 0.012493 seconds 
========================================================================
Received Import Request.
  Time since last request: 0.390910 seconds.
  path: Assets/Character/Animations/WalkForwardBattle.anim
  artifactKey: Guid(f0c8c1d913b359a428b42d53947d3e93) Importer(815301076,1909f56bfc062723c751e8b465ee728b)
Start importing Assets/Character/Animations/WalkForwardBattle.anim using Guid(f0c8c1d913b359a428b42d53947d3e93) Importer(815301076,1909f56bfc062723c751e8b465ee728b)  -> (artifact id: '3aa08b53fac4154a1a1ce7d6c0e86f88') in 0.011649 seconds 
========================================================================
Received Import Request.
  Time since last request: 5.334626 seconds.
  path: Assets/Character/Animations/Defend.anim
  artifactKey: Guid(cf357b5409b4ad54a82c45d7684564e1) Importer(815301076,1909f56bfc062723c751e8b465ee728b)
Start importing Assets/Character/Animations/Defend.anim using Guid(cf357b5409b4ad54a82c45d7684564e1) Importer(815301076,1909f56bfc062723c751e8b465ee728b)  -> (artifact id: 'c44c16da5510103248ed085fc150775c') in 0.012012 seconds 
========================================================================
Received Import Request.
  Time since last request: 89.414812 seconds.
  path: Assets/Character/Prefab/DogPolyart.prefab
  artifactKey: Guid(45288819fde2143449a96207b14db0bb) Importer(815301076,1909f56bfc062723c751e8b465ee728b)
Start importing Assets/Character/Prefab/DogPolyart.prefab using Guid(45288819fde2143449a96207b14db0bb) Importer(815301076,1909f56bfc062723c751e8b465ee728b)  -> (artifact id: '97413a074189beac3a113bd5bcbac420') in 0.404424 seconds 
========================================================================
Received Import Request.
  Time since last request: 7.788333 seconds.
  path: Assets/Character/Texture/AO.png
  artifactKey: Guid(ab3e8c0e82b3db8429abc130ac9e62d5) Importer(815301076,1909f56bfc062723c751e8b465ee728b)
Start importing Assets/Character/Texture/AO.png using Guid(ab3e8c0e82b3db8429abc130ac9e62d5) Importer(815301076,1909f56bfc062723c751e8b465ee728b)  -> (artifact id: '52cd0e76177d42272c090d26631eaadf') in 0.046197 seconds 
========================================================================
Received Import Request.
  Time since last request: 1.738141 seconds.
  path: Assets/Character/Texture/MS.png
  artifactKey: Guid(f4da30a223a78034fbc3c563d2a924a7) Importer(815301076,1909f56bfc062723c751e8b465ee728b)
Start importing Assets/Character/Texture/MS.png using Guid(f4da30a223a78034fbc3c563d2a924a7) Importer(815301076,1909f56bfc062723c751e8b465ee728b)  -> (artifact id: '627eed8effbad5516e17c65cf0064a73') in 0.039537 seconds 
